-- The CXX compiler identification is GNU 11.4.0
-- The CUDA compiler identification is NVIDIA 12.8.93 with host compiler GNU 11.4.0
-- Detecting CXX compiler ABI info
-- Detecting CXX compiler ABI info - done
-- Check for working CXX compiler: /usr/bin/c++ - skipped
-- Detecting CXX compile features
-- Detecting CXX compile features - done
-- Detecting CUDA compiler ABI info
-- Detecting CUDA compiler ABI info - done
-- Check for working CUDA compiler: /usr/local/cuda/bin/nvcc - skipped
-- Detecting CUDA compile features
-- Detecting CUDA compile features - done
-- Found OpenMP_CXX: -fopenmp (found version "4.5")
-- Found OpenMP_CUDA: -fopenmp (found version "4.5")
-- Found OpenMP: TRUE (found version "4.5")
-- Configuring done (13.1s)
-- Generating done (0.0s)
-- Build files have been written to: /content/Heterogeneous-Computing/jdeffner-HC02/blatt02/Heterogeneous-Computing/jdeffner-HC02/blatt02/build
[ 16%] Building CUDA object CMakeFiles/task1_divergence.dir/src/task1_divergence.cu.o
[ 33%] Building CUDA object CMakeFiles/task2_bandwidth.dir/src/task2_bandwidth.cu.o
[ 50%] Building CXX object CMakeFiles/cpu_baseline.dir/src/cpu_baseline.cpp.o
[ 66%] Linking CXX executable cpu_baseline
[ 66%] Built target cpu_baseline
[ 83%] Linking CUDA executable task1_divergence
[ 83%] Built target task1_divergence
[100%] Linking CUDA executable task2_bandwidth
[100%] Built target task2_bandwidth
